LCD Console started
SIM868 is ready
[TRACE_SIM868.1]<interface.cpp:299> requesting'AT+CSQ'
[TRACE_SIM868.2]<interface.cpp:313> new request 'AT+CSQ' 2
AT+CSQ
+CSQ: 0,0

OK

[TRACE_SIM868.1]<interface.cpp:299> requesting'AT+CGATT?'
[TRACE_SIM868.2]<interface.cpp:313> new request 'AT+CGATT?' 3
AT+CGATT?
+CGATT: 0

OK

cgatt '0
'
[TRACE_SIM868.1]<interface.cpp:299> requesting'AT+CGATT?'
[TRACE_SIM868.2]<interface.cpp:313> new request 'AT+CGATT?' 4
AT+CGATT?
+CGATT: 0

OK

[TRACE_SIM868.1]<interface.cpp:299> requesting'AT+CGATT?'
[TRACE_SIM868.2]<interface.cpp:313> new request 'AT+CGATT?' 5
AT+CGATT?
+CGATT: 0

OK

[TRACE_SIM868.1]<interface.cpp:299> requesting'AT+CGATT?'
[TRACE_SIM868.2]<interface.cpp:313> new request 'AT+CGATT?' 6
AT+CGATT?
+CGATT: 0

OK

[TRACE_SIM868.1]<interface.cpp:299> requesting'AT+CGATT?'
[TRACE_SIM868.2]<interface.cpp:313> new request 'AT+CGATT?' 7
AT+CGATT?
+CGATT: 0

OK

[TRACE_SIM868.1]<interface.cpp:299> requesting'AT+CGATT?'
[TRACE_SIM868.2]<interface.cpp:313> new request 'AT+CGATT?' 8
AT+CGATT?
+CGATT: 0

OK

[TRACE_SIM868.1]<interface.cpp:299> requesting'AT+CGATT?'
[TRACE_SIM868.2]<interface.cpp:313> new request 'AT+CGATT?' 9
AT+CGATT?
+CGATT: 0

OK

[TRACE_SIM868.1]<interface.cpp:299> requesting'AT+CGATT?'
[TRACE_SIM868.2]<interface.cpp:313> new request 'AT+CGATT?' 10
AT+CGATT?
+CGATT: 0

OK

[TRACE_SIM868.1]<interface.cpp:299> requesting'AT+CGATT?'
[TRACE_SIM868.2]<interface.cpp:313> new request 'AT+CGATT?' 11
AT+CGATT?
+CGATT: 0

OK

[TRACE_SIM868.1]<interface.cpp:299> requesting'AT+CGATT?'
[TRACE_SIM868.2]<interface.cpp:313> new request 'AT+CGATT?' 12
AT+CGATT?
+CGATT: 0

OK

[TRACE_SIM868.1]<interface.cpp:299> requesting'AT+CGATT?'
[TRACE_SIM868.2]<interface.cpp:313> new request 'AT+CGATT?' 13
AT+CGATT?
+CGATT: 0

OK

[TRACE_SIM868.1]<interface.cpp:299> requesting'AT+CGATT?'
[TRACE_SIM868.2]<interface.cpp:313> new request 'AT+CGATT?' 14
AT+CGATT?
+CGATT: 0

OK

[TRACE_SIM868.1]<interface.cpp:299> requesting'AT+CGATT?'
[TRACE_SIM868.2]<interface.cpp:313> new request 'AT+CGATT?' 15
AT+CGATT?
+CGATT: 0

OK

[TRACE_SIM868.1]<interface.cpp:299> requesting'AT+CGATT?'
[TRACE_SIM868.2]<interface.cpp:313> new request 'AT+CGATT?' 16
AT+CGATT?
+CGATT: 0

OK

[TRACE_SIM868.1]<interface.cpp:299> requesting'AT+CGATT?'
[TRACE_SIM868.2]<interface.cpp:313> new request 'AT+CGATT?' 17
AT+CGATT?
+CGATT: 0

OK

[TRACE_SIM868.1]<interface.cpp:299> requesting'AT+CGATT?'
[TRACE_SIM868.2]<interface.cpp:313> new request 'AT+CGATT?' 18
AT+CGATT?
+CGATT: 0

OK

[TRACE_SIM868.1]<interface.cpp:299> requesting'AT+CGATT?'
[TRACE_SIM868.2]<interface.cpp:313> new request 'AT+CGATT?' 19
AT+CGATT?
+CGATT: 0

OK

[TRACE_SIM868.1]<interface.cpp:299> requesting'AT+CGATT?'
[TRACE_SIM868.2]<interface.cpp:313> new request 'AT+CGATT?' 20
AT+CGATT?
+CGATT: 0

OK

[TRACE_SIM868.1]<interface.cpp:299> requesting'AT+CGATT?'
[TRACE_SIM868.2]<interface.cpp:313> new request 'AT+CGATT?' 21
AT+CGATT?
+CGATT: 0

OK

[TRACE_SIM868.1]<interface.cpp:299> requesting'AT+CGATT?'
[TRACE_SIM868.2]<interface.cpp:313> new request 'AT+CGATT?' 22
AT+CGATT?
+CGATT: 0

OK

[TRACE_SIM868.1]<interface.cpp:299> requesting'AT+CGATT?'
[TRACE_SIM868.2]<interface.cpp:313> new request 'AT+CGATT?' 23
AT+CGATT?
+CGATT: 0

OK

[TRACE_SIM868.1]<interface.cpp:299> requesting'AT+CGATT?'
[TRACE_SIM868.2]<interface.cpp:313> new request 'AT+CGATT?' 24
AT+CGATT?
+CGATT: 1

OK

[TRACE_SIM868.1]<interface.cpp:299> requesting'AT+CSTT="internet","internet","internet"'
[TRACE_SIM868.2]<interface.cpp:313> new request 'AT+CSTT="internet","internet","internet"' 25
AT+CSTT="internet","internet","internet"
OK

[TRACE_SIM868.1]<interface.cpp:299> requesting'AT+CIICR'
[TRACE_SIM868.2]<interface.cpp:313> new request 'AT+CIICR' 26
AT+CIICR
OK

[TRACE_SIM868.1]<interface.cpp:299> requesting'AT+CIFSR'
[TRACE_SIM868.2]<interface.cpp:313> new request 'AT+CIFSR' 27
AT+CIFSR
10.102.185.154

[TRACE_SIM868.1]<interface.cpp:299> requesting'AT+CIPPING="www.google.com"'
[TRACE_SIM868.2]<interface.cpp:313> new request 'AT+CIPPING="www.google.com"' 28
AT+CIPPING="www.google.com"
+CIPPING: 1,"142.250.186.196",3,114
+CIPPING: 2,"142.250.186.196",3,114
+CIPPING: 3,"142.250.186.196",14,114
+CIPPING: 4,"142.250.186.196",3,114

OK

[TRACE_SIM868.1]<interface.cpp:299> requesting'AT+SAPBR=3,1,"APN","internet"'
[TRACE_SIM868.2]<interface.cpp:313> new request 'AT+SAPBR=3,1,"APN","internet"' 29
AT+SAPBR=3,1,"APN","internet"
OK

[TRACE_SIM868.1]<interface.cpp:299> requesting'AT+SAPBR=3,1,"USER","internet"'
[TRACE_SIM868.2]<interface.cpp:313> new request 'AT+SAPBR=3,1,"USER","internet"' 30
AT+SAPBR=3,1,"USER","internet"
OK

[TRACE_SIM868.1]<interface.cpp:299> requesting'AT+SAPBR=3,1,"PWD","internet"'
[TRACE_SIM868.2]<interface.cpp:313> new request 'AT+SAPBR=3,1,"PWD","internet"' 31
AT+SAPBR=3,1,"PWD","internet"
OK

[TRACE_SIM868.1]<interface.cpp:299> requesting'AT+SAPBR=1,1'
[TRACE_SIM868.2]<interface.cpp:313> new request 'AT+SAPBR=1,1' 32
AT+SAPBR=1,1
OK

[TRACE_SIM868.1]<interface.cpp:299> requesting'AT+SAPBR=2,1'
[TRACE_SIM868.2]<interface.cpp:313> new request 'AT+SAPBR=2,1' 33
AT+SAPBR=2,1
+SAPBR: 1,1,"10.102.185.154"

OK

[TRACE_SIM868.1]<interface.cpp:299> requesting'AT+HTTPINIT'
[TRACE_SIM868.2]<interface.cpp:313> new request 'AT+HTTPINIT' 34
AT+HTTPINIT
OK

[TRACE_SIM868.1]<interface.cpp:299> requesting'AT+HTTPPARA="CID",1'
[TRACE_SIM868.2]<interface.cpp:313> new request 'AT+HTTPPARA="CID",1' 35
AT+HTTPPARA="CID",1
OK

[TRACE_SIM868.1]<interface.cpp:299> requesting'AT+HTTPPARA="URL","http://api.open-meteo.com/v1/forecast?latitude=52.52&longitude=13.41&hourly=temperature_2m"'
[TRACE_SIM868.2]<interface.cpp:313> new request 'AT+HTTPPARA="URL","http://api.open-meteo.com/v1/forecast?latitude=52.52&longitude=13.41&hourly=temperature_2m"' 36
AT+HTTPPARA="URL","http://api.open-meteo.com/v1/forecast?latitude=52.52&longitude=13.41&hourly=temperature_2m"
OK

[TRACE_SIM868.1]<interface.cpp:299> requesting'AT+HTTPACTION=0'
[TRACE_SIM868.2]<interface.cpp:313> new request 'AT+HTTPACTION=0' 37
AT+HTTPACTION=0
OK

[TRACE_SIM868.1]<interface.cpp:299> requesting'AT+HTTPREAD'
[TRACE_SIM868.2]<interface.cpp:313> new request 'AT+HTTPREAD' 38
AT+HTTPREAD
+HTTPREAD: 4295
{"latitude":52.52,"longitude":13.419998,"generationtime_ms":0.23794174194335938,"utc_offset_seconds":0,"timezone":"GMT","timezone_abbreviation":"GMT","elevation":38.0,"hourly_units":{"time":"iso8601","temperature_2m":"°C"},"hourly":{"time":["2022-08-15T00:00","2022-08-15T01:00","2022-08-15T02:00","2022-08-15T03:00","2022-08-15T04:00","2022-08-15T05:00","2022-08-15T06:00","2022-08-15T07:00","2022-08-15T08:00","2022-08-15T09:00","2022-08-15T10:00","2022-08-15T11:00","2022-08-15T12:00","2022-08-15T13:00","2022-08-15T14:00","2022-08-15T15:00","2022-08-15T16:00","2022-08-15T17:00","2022-08-15T18:00","2022-08-15T19:00","2022-08-15T20:00","2022-08-15T21:00","2022-08-15T22:00","2022-08-15T23:00","2022-08-16T00:00","2022-08-16T01:00","2022-08-16T02:00","2022-08-16T03:00","2022-08-16T04:00","2022-08-16T05:00","2022-08-16T06:00","2022-08-16T07:00","2022-08-16T08:00","2022-08-16T09:00","2022-08-16T10:00","2022-08-16T11:00","2022-08-16T12:00","2022-08-16T13:00","2022-08-16T14:00","2022-08-16T15:00","2022-08-16T16:00","2022-08-16T17:00","2022-08-16T18:00","2022-08-16T19:00","2022-08-16T20:00","2022-08-16T21:00","2022-08-16T22:00","2022-08-16T23:00","2022-08-17T00:00","2022-08-17T01:00","2022-08-17T02:00","2022-08-17T03:00","2022-08-17T04:00","2022-08-17T05:00","2022-08-17T06:00","2022-08-17T07:00","2022-08-17T08:00","2022-08-17T09:00","2022-08-17T10:00","2022-08-17T11:00","2022-08-17T12:00","2022-08-17T13:00","2022-08-17T14:00","2022-08-17T15:00","2022-08-17T16:00","2022-08-17T17:00","2022-08-17T18:00","2022-08-17T19:00","2022-08-17T20:00","2022-08-17T21:00","2022-08-17T22:00","2022-08-17T23:00","2022-08-18T00:00","2022-08-18T01:00","2022-08-18T02:00","2022-08-18T03:00","2022-08-18T04:00","2022-08-18T05:00","2022-08-18T06:00","2022-08-18T07:00","2022-08-18T08:00","2022-08-18T09:00","2022-08-18T10:00","2022-08-18T11:00","2022-08-18T12:00","2022-08-18T13:00","2022-08-18T14:00","2022-08-18T15:00","2022-08-18T16:00","2022-08-18T17:00","2022-08-18T18:00","2022-08-18T19:00","2022-08-18T20:00","2022-08-18T21:00","2022-08-18T22:00","2022-08-18T23:00","2022-08-19T00:00","2022-08-19T01:00","2022-08-19T02:00","2022-08-19T03:00","2022-08-19T04:00","2022-08-19T05:00","2022-08-19T06:00","2022-08-19T07:00","2022-08-19T08:00","2022-08-19T09:00","2022-08-19T10:00","2022-08-19T11:00","2022-08-19T12:00","2022-08-19T13:00","2022-08-19T14:00","2022-08-19T15:00","2022-08-19T16:00","2022-08-19T17:00","2022-08-19T18:00","2022-08-19T19:00","2022-08-19T20:00","2022-08-19T21:00","2022-08-19T22:00","2022-08-19T23:00","2022-08-20T00:00","2022-08-20T01:00","2022-08-20T02:00","2022-08-20T03:00","2022-08-20T04:00","2022-08-20T05:00","2022-08-20T06:00","2022-08-20T07:00","2022-08-20T08:00","2022-08-20T09:00","2022-08-20T10:00","2022-08-20T11:00","2022-08-20T12:00","2022-08-20T13:00","2022-08-20T14:00","2022-08-20T15:00","2022-08-20T16:00","2022-08-20T17:00","2022-08-20T18:00","2022-08-20T19:00","2022-08-20T20:00","2022-08-20T21:00","2022-08-20T22:00","2022-08-20T23:00","2022-08-21T00:00","2022-08-21T01:00","2022-08-21T02:00","2022-08-21T03:00","2022-08-21T04:00","2022-08-21T05:00","2022-08-21T06:00","2022-08-21T07:00","2022-08-21T08:00","2022-08-21T09:00","2022-08-21T10:00","2022-08-21T11:00","2022-08-21T12:00","2022-08-21T13:00","2022-08-21T14:00","2022-08-21T15:00","2022-08-21T16:00","2022-08-21T17:00","2022-08-21T18:00","2022-08-21T19:00","2022-08-21T20:00","2022-08-21T21:00","2022-08-21T22:00","2022-08-21T23:00"],"temperature_2m":[22.8,22.0,21.2,20.5,20.2,20.4,21.4,23.0,24.9,26.4,27.6,28.4,29.4,30.0,30.0,30.2,29.9,23.2,20.5,20.6,19.9,20.1,19.8,19.8,19.4,19.0,18.7,18.3,18.1,18.3,19.6,21.6,23.6,25.5,26.8,27.7,28.6,29.1,29.0,29.5,29.6,29.1,28.2,26.6,25.1,24.4,24.1,23.7,23.0,22.4,21.6,21.0,20.6,20.5,22.2,24.7,27.2,28.9,30.0,30.7,31.5,31.9,31.9,31.9,31.8,31.0,29.9,27.6,26.3,24.9,23.8,23.2,22.7,22.0,21.5,21.1,20.9,21.3,22.6,24.6,26.2,27.4,28.9,30.4,29.6,29.9,27.4,28.7,28.0,27.3,26.5,25.8,25.0,23.9,23.0,22.1,21.2,20.8,20.5,20.4,20.3,20.3,20.7,21.4,22.4,23.5,24.0,24.4,24.5,24.2,23.6,22.8,22.6,22.4,22.1,21.8,21.5,21.2,20.9,20.7,20.4,20.4,20.4,20.4,20.3,20.3,20.3,20.2,20.2,20.7,21.9,23.7,25.4,25.5,25.3,24.7,23.9,22.9,21.5,20.4,19.3,18.0,17.2,16.5,15.9,15.5,15.3,15.3,15.2,15.3,15.9,17.2,18.9,20.9,21.9,22.5,23.2,23.5,23.7,23.7,23.4,22.8,21.9,20.9,19.7,18.4,17.8,17.4]}}
OK

[TRACE_SIM868.1]<interface.cpp:299> requesting'AT+HTTPTERM'
[TRACE_SIM868.2]<interface.cpp:313> new request 'AT+HTTPTERM' 39
AT+HTTPTERM
OK
